1.数组的概念
    1.为什么要有数据
        为了存储同种数据类型的多个值
    2.数组的概念
        数据是存储同一种数据类型的多个元素集合。也可以看作是一个容器
        数据既可以存储基本数据类型，也可以存储引用数据类型
    3.数据的定义
        数据类型[] 数据名 = new 数据类型[数组的长度]；
2.数组的初始化
    什么是数组的初始化
        就是开辟连续的内存空间，并为每个数组元素赋予值
    如何对数组进行初始化
        动态初始化，只指定长度，系统给出初始化值
            int[] arr= new int[5];
        静态初始化，给定初始化值，由系统给出长度
3.栈的掌握
    栈
        存储局部变量
    堆
        存储new出来的数组或对象
    方法区
        面向对象讲解
    本地方法区
        和系统相关
    寄存器
        给cpu使用
4.静态初始化的格式
    格式:数据类型[] 数组名 = new 数据类型[] {元素1，元素2,...}
    简化格式 ：数据类型[] 数组名 = {元素1，元素2,...}；
5.两个常见的异常
    Demo1_Exception
6.数组的操作
    Demo4_Array
7.二维数组
    Demo5_Array
8.思考题：
    Java参数传递问题
    Test_Array