1.构造方法的概述和作用
    作用：
        给对象的数据（属性）进行初始化
    特点：
        方法名与类名相同（）
        没有返回值，连void都不能有
        没有具体的return
        Demo_Student
    注意事项：
        构造方法不能用对象去调用
        创建对象的时候，系统就调用了
        构造方法也可以有return语句的
2.构造方法的重载和注意事项
    重载方法名相同，与返回值无关，只看参数列表
    Demo_Student中两个构造方法就是重载构造方法
    没有给构造方法，系统会给一个无参的构造方法
    如果给出了构造方法，系统将不给无参构造
    建议永远都给出无参构造
4.给成员变量赋值的两个方式
    1.在有参构造方法
    2.在对象的set方法
5.学生类学习、手机类
6.创建流程分析
    new Student()->进入堆->>有默认值
    构造方法进栈——》改变
7.长方形类（Rectangle）周长、面积方法和员工类（Employee）姓名，工号，工资
8.static
    1.利用static 共享数据
    流程分析
        方法区类有个静态区 static的属性会在方法区类存储并赋予初始值
9.特点static关键字
    随着类的加载而加载
    优先于对象存在
    被类的所有对象共享
    可以通过类名调用
10.static注意事项
    静态方法没有this
        this要在创建对象的时候才有
    静态方法只能访问静态的成员变量和方法
        原因静态方法随着类加载而加载，成员变量（非静态）要创建对象的时候才存在
    总结：静态只能调用静态的
11.静态变量也叫类变量 成员变量也叫对象变量
    所属不同
        静态属于类
        成员属于对象
    内存中的位置不同
        静态变量在方法区的静态区
        成员变量存放在堆内存
    出现时机不一样
        静态变量随着类的加载而加载
        成员变量随着对象的加载而加载
    调用不同
        静态变量通过类名。调用，也可通过对象调用
        成员变量通过对象调用
12.main方法
    public 被jvm调用
    static 不需要创建对象，直接类名嗲用
    void 不需要任何返回值
    main 被jvm识别main不是关键字
    String【】 args 以前是用来接收键盘录入的
13制作static工具类
    如果一个类的所有方法都是静态的，需要多做一步，就是把构造方法私有化（不让其他类创建本类对象）
    ArrayTool
14.说明书制作过程
    文档注释
        @author
        @version
    javadoc -d 指定文件目录 -author -version 要生成注释的类.java
    @param 参数名字 //形式参数的变量名字
    @return 返回数据
15.jdk帮助文档使用
16.Math类的随机数的功能
    MathTest
17.猜数游戏
    获得是随机数，死循环遍历输入的数判断





