1.for的概述和格式
    循环的分类：for ,while,do…while
    格式
        for(初始化表达式；条件表达式；循环后的操作表达式){

        }
    执行流程：
        执行初始化语句
        判断条件
        执行循环体
        执行循环后操作表达式
        回到判断条件
    Demo1_For
2.for练习
    输出1-10
    输出10-1
    注意事项：
        单条语句可以不加括号
        for（）； {构造代码块}
    练习：求1-10的和
        求1-100的偶数和
        求1-100的奇数和
    Test1_For
3.while的概述，练习，do-while概念
4.三种循环语句的区别
    while，for先判断再执行
    do-while无论条件是否满足都先执行一次
    while,for的区别：for语句的i是局部变量，会被释放，不能再使用
                    while语句的i可以继续使用
5.死循环
    for(;;)
    while(true)

6.break
    语句跳出循环
7.continue
    跳过本次循环
8.跳转语句和练习
    Demo1_Mark
9.return语句
    Demo_Return
10.方法和格式
    为什么要有方法
        提高代码的复用性
    什么是方法
        完成特地功能的代码块
    方法的格式
        修饰符 返回值类型 方法名（参数类型 参数名1，参数类型 参数名2）{
            方法的语句
            return 返回值
        }
    Demo_Method
11.方法的调用和求和案例分析
    盘子 厨师炒菜（油，米，菜）{
        炒菜动作
        return 一盘菜；
    }
    Demo_Method
    注意事项：
        方法不调用不执行
        方法于方法不能嵌套使用
        参数用，隔开
        方法调用不用再给参数类型
        如果方法有返回值，一定要有return带一个值
12.方法练习
    Test_Method
13.方法重载
    Demo1_Overload